Performing C SOURCE FILE Test CMAKE_HAVE_LIBC_PTHREAD failed with the following output:
Change Dir: /home/giancesca/CLionProjects/NcursesClock/cmake-build-debug/CMakeFiles/CMakeTmp

Run Build Command(s):/usr/bin/make cmTC_510e8/fast && /usr/bin/make  -f CMakeFiles/cmTC_510e8.dir/build.make CMakeFiles/cmTC_510e8.dir/build
make[1]: ingresso nella directory "/home/giancesca/CLionProjects/NcursesClock/cmake-build-debug/CMakeFiles/CMakeTmp"
Building C object CMakeFiles/cmTC_510e8.dir/src.c.o
/usr/bin/cc   -DCMAKE_HAVE_LIBC_PTHREAD   -o CMakeFiles/cmTC_510e8.dir/src.c.o   -c /home/giancesca/CLionProjects/NcursesClock/cmake-build-debug/CMakeFiles/CMakeTmp/src.c
Linking C executable cmTC_510e8
/home/giancesca/clion-2020.2.4/bin/cmake/linux/bin/cmake -E cmake_link_script CMakeFiles/cmTC_510e8.dir/link.txt --verbose=1
/usr/bin/cc  -DCMAKE_HAVE_LIBC_PTHREAD    -rdynamic CMakeFiles/cmTC_510e8.dir/src.c.o  -o cmTC_510e8 
CMakeFiles/cmTC_510e8.dir/src.c.o: nella funzione "main":
src.c:(.text+0x3e): riferimento non definito a "pthread_create"
src.c:(.text+0x4a): riferimento non definito a "pthread_detach"
src.c:(.text+0x56): riferimento non definito a "pthread_cancel"
src.c:(.text+0x67): riferimento non definito a "pthread_join"
src.c:(.text+0x7b): riferimento non definito a "pthread_atfork"
collect2: error: ld returned 1 exit status
CMakeFiles/cmTC_510e8.dir/build.make:106: recipe for target 'cmTC_510e8' failed
make[1]: *** [cmTC_510e8] Error 1
make[1]: uscita dalla directory "/home/giancesca/CLionProjects/NcursesClock/cmake-build-debug/CMakeFiles/CMakeTmp"
Makefile:141: recipe for target 'cmTC_510e8/fast' failed
make: *** [cmTC_510e8/fast] Error 2


Source file was:
#include <pthread.h>

void* test_func(void* data)
{
  return data;
}

int main(void)
{
  pthread_t thread;
  pthread_create(&thread, NULL, test_func, NULL);
  pthread_detach(thread);
  pthread_cancel(thread);
  pthread_join(thread, NULL);
  pthread_atfork(NULL, NULL, NULL);
  pthread_exit(NULL);

  return 0;
}

